Analysis & Synthesis report for simpleInstructionsRam
Sat Jun 11 23:01:29 2016
Quartus Prime Version 15.1.0 Build 185 10/21/2015 SJ Lite Edition


---------------------
; Table of Contents ;
---------------------
  1. Legal Notice
  2. Analysis & Synthesis Summary
  3. Analysis & Synthesis Settings
  4. Parallel Compilation
  5. Analysis & Synthesis Source Files Read
  6. Analysis & Synthesis Resource Usage Summary
  7. Analysis & Synthesis Resource Utilization by Entity
  8. Registers Removed During Synthesis
  9. General Register Statistics
 10. Post-Synthesis Netlist Statistics for Top Partition
 11. Elapsed Time Per Partition
 12. Analysis & Synthesis Messages



----------------
; Legal Notice ;
----------------
Copyright (C) 1991-2015 Altera Corporation. All rights reserved.
Your use of Altera Corporation's design tools, logic functions 
and other software and tools, and its AMPP partner logic 
functions, and any output files from any of the foregoing 
(including device programming or simulation files), and any 
associated documentation or information are expressly subject 
to the terms and conditions of the Altera Program License 
Subscription Agreement, the Altera Quartus Prime License Agreement,
the Altera MegaCore Function License Agreement, or other 
applicable license agreement, including, without limitation, 
that your use is for the sole purpose of programming logic 
devices manufactured by Altera and sold by Altera or its 
authorized distributors.  Please refer to the applicable 
agreement for further details.



+-------------------------------------------------------------------------------+
; Analysis & Synthesis Summary                                                  ;
+---------------------------------+---------------------------------------------+
; Analysis & Synthesis Status     ; Successful - Sat Jun 11 23:01:29 2016       ;
; Quartus Prime Version           ; 15.1.0 Build 185 10/21/2015 SJ Lite Edition ;
; Revision Name                   ; simpleInstructionsRam                       ;
; Top-level Entity Name           ; simpleInstructionsRam                       ;
; Family                          ; Cyclone V                                   ;
; Logic utilization (in ALMs)     ; N/A                                         ;
; Total registers                 ; 0                                           ;
; Total pins                      ; 43                                          ;
; Total virtual pins              ; 0                                           ;
; Total block memory bits         ; 0                                           ;
; Total DSP Blocks                ; 0                                           ;
; Total HSSI RX PCSs              ; 0                                           ;
; Total HSSI PMA RX Deserializers ; 0                                           ;
; Total HSSI TX PCSs              ; 0                                           ;
; Total HSSI PMA TX Serializers   ; 0                                           ;
; Total PLLs                      ; 0                                           ;
; Total DLLs                      ; 0                                           ;
+---------------------------------+---------------------------------------------+


+---------------------------------------------------------------------------------------------------------------------------------+
; Analysis & Synthesis Settings                                                                                                   ;
+---------------------------------------------------------------------------------+-----------------------+-----------------------+
; Option                                                                          ; Setting               ; Default Value         ;
+---------------------------------------------------------------------------------+-----------------------+-----------------------+
; Device                                                                          ; 5CGXFC7C7F23C8        ;                       ;
; Top-level entity name                                                           ; simpleInstructionsRam ; simpleInstructionsRam ;
; Family name                                                                     ; Cyclone V             ; Cyclone V             ;
; Use smart compilation                                                           ; Off                   ; Off                   ;
; Enable parallel Assembler and TimeQuest Timing Analyzer during compilation      ; On                    ; On                    ;
; Enable compact report table                                                     ; Off                   ; Off                   ;
; Restructure Multiplexers                                                        ; Auto                  ; Auto                  ;
; MLAB Add Timing Constraints For Mixed-Port Feed-Through Mode Setting Don't Care ; Off                   ; Off                   ;
; Create Debugging Nodes for IP Cores                                             ; Off                   ; Off                   ;
; Preserve fewer node names                                                       ; On                    ; On                    ;
; Disable OpenCore Plus hardware evaluation                                       ; Off                   ; Off                   ;
; Verilog Version                                                                 ; Verilog_2001          ; Verilog_2001          ;
; VHDL Version                                                                    ; VHDL_1993             ; VHDL_1993             ;
; State Machine Processing                                                        ; Auto                  ; Auto                  ;
; Safe State Machine                                                              ; Off                   ; Off                   ;
; Extract Verilog State Machines                                                  ; On                    ; On                    ;
; Extract VHDL State Machines                                                     ; On                    ; On                    ;
; Ignore Verilog initial constructs                                               ; Off                   ; Off                   ;
; Iteration limit for constant Verilog loops                                      ; 5000                  ; 5000                  ;
; Iteration limit for non-constant Verilog loops                                  ; 250                   ; 250                   ;
; Add Pass-Through Logic to Inferred RAMs                                         ; On                    ; On                    ;
; Infer RAMs from Raw Logic                                                       ; On                    ; On                    ;
; Parallel Synthesis                                                              ; On                    ; On                    ;
; DSP Block Balancing                                                             ; Auto                  ; Auto                  ;
; NOT Gate Push-Back                                                              ; On                    ; On                    ;
; Power-Up Don't Care                                                             ; On                    ; On                    ;
; Remove Redundant Logic Cells                                                    ; Off                   ; Off                   ;
; Remove Duplicate Registers                                                      ; On                    ; On                    ;
; Ignore CARRY Buffers                                                            ; Off                   ; Off                   ;
; Ignore CASCADE Buffers                                                          ; Off                   ; Off                   ;
; Ignore GLOBAL Buffers                                                           ; Off                   ; Off                   ;
; Ignore ROW GLOBAL Buffers                                                       ; Off                   ; Off                   ;
; Ignore LCELL Buffers                                                            ; Off                   ; Off                   ;
; Ignore SOFT Buffers                                                             ; On                    ; On                    ;
; Limit AHDL Integers to 32 Bits                                                  ; Off                   ; Off                   ;
; Optimization Technique                                                          ; Balanced              ; Balanced              ;
; Carry Chain Length                                                              ; 70                    ; 70                    ;
; Auto Carry Chains                                                               ; On                    ; On                    ;
; Auto Open-Drain Pins                                                            ; On                    ; On                    ;
; Perform WYSIWYG Primitive Resynthesis                                           ; Off                   ; Off                   ;
; Auto ROM Replacement                                                            ; On                    ; On                    ;
; Auto RAM Replacement                                                            ; On                    ; On                    ;
; Auto DSP Block Replacement                                                      ; On                    ; On                    ;
; Auto Shift Register Replacement                                                 ; Auto                  ; Auto                  ;
; Allow Shift Register Merging across Hierarchies                                 ; Auto                  ; Auto                  ;
; Auto Clock Enable Replacement                                                   ; On                    ; On                    ;
; Strict RAM Replacement                                                          ; Off                   ; Off                   ;
; Allow Synchronous Control Signals                                               ; On                    ; On                    ;
; Force Use of Synchronous Clear Signals                                          ; Off                   ; Off                   ;
; Auto Resource Sharing                                                           ; Off                   ; Off                   ;
; Allow Any RAM Size For Recognition                                              ; Off                   ; Off                   ;
; Allow Any ROM Size For Recognition                                              ; Off                   ; Off                   ;
; Allow Any Shift Register Size For Recognition                                   ; Off                   ; Off                   ;
; Use LogicLock Constraints during Resource Balancing                             ; On                    ; On                    ;
; Ignore translate_off and synthesis_off directives                               ; Off                   ; Off                   ;
; Timing-Driven Synthesis                                                         ; On                    ; On                    ;
; Report Parameter Settings                                                       ; On                    ; On                    ;
; Report Source Assignments                                                       ; On                    ; On                    ;
; Report Connectivity Checks                                                      ; On                    ; On                    ;
; Ignore Maximum Fan-Out Assignments                                              ; Off                   ; Off                   ;
; Synchronization Register Chain Length                                           ; 3                     ; 3                     ;
; PowerPlay Power Optimization During Synthesis                                   ; Normal compilation    ; Normal compilation    ;
; HDL message level                                                               ; Level2                ; Level2                ;
; Suppress Register Optimization Related Messages                                 ; Off                   ; Off                   ;
; Number of Removed Registers Reported in Synthesis Report                        ; 5000                  ; 5000                  ;
; Number of Swept Nodes Reported in Synthesis Report                              ; 5000                  ; 5000                  ;
; Number of Inverted Registers Reported in Synthesis Report                       ; 100                   ; 100                   ;
; Clock MUX Protection                                                            ; On                    ; On                    ;
; Auto Gated Clock Conversion                                                     ; Off                   ; Off                   ;
; Block Design Naming                                                             ; Auto                  ; Auto                  ;
; SDC constraint protection                                                       ; Off                   ; Off                   ;
; Synthesis Effort                                                                ; Auto                  ; Auto                  ;
; Shift Register Replacement - Allow Asynchronous Clear Signal                    ; On                    ; On                    ;
; Pre-Mapping Resynthesis Optimization                                            ; Off                   ; Off                   ;
; Analysis & Synthesis Message Level                                              ; Medium                ; Medium                ;
; Disable Register Merging Across Hierarchies                                     ; Auto                  ; Auto                  ;
; Resource Aware Inference For Block RAM                                          ; On                    ; On                    ;
; Synthesis Seed                                                                  ; 1                     ; 1                     ;
; Automatic Parallel Synthesis                                                    ; On                    ; On                    ;
; Partial Reconfiguration Bitstream ID                                            ; Off                   ; Off                   ;
+---------------------------------------------------------------------------------+-----------------------+-----------------------+


Parallel compilation was disabled, but you have multiple processors available. Enable parallel compilation to reduce compilation time.
+-------------------------------------+
; Parallel Compilation                ;
+----------------------------+--------+
; Processors                 ; Number ;
+----------------------------+--------+
; Number detected on machine ; 4      ;
; Maximum allowed            ; 1      ;
+----------------------------+--------+


+-------------------------------------------------------------------------------------------------------------------------------------------------------------------------------------------------------------+
; Analysis & Synthesis Source Files Read                                                                                                                                                                      ;
+----------------------------------+-----------------+------------------------+---------------------------------------------------------------------------------------------------------------------+---------+
; File Name with User-Entered Path ; Used in Netlist ; File Type              ; File Name with Absolute Path                                                                                        ; Library ;
+----------------------------------+-----------------+------------------------+---------------------------------------------------------------------------------------------------------------------+---------+
; simpleInstructionsRam.v          ; yes             ; User Verilog HDL File  ; /home/davi/Dropbox/UNIFESP/Unifesp/Lab AOC/Atividades/Checagens 2 e 3/simpleInstructionsRAM/simpleInstructionsRam.v ;         ;
+----------------------------------+-----------------+------------------------+---------------------------------------------------------------------------------------------------------------------+---------+


+----------------------------------------------------------------+
; Analysis & Synthesis Resource Usage Summary                    ;
+---------------------------------------------+------------------+
; Resource                                    ; Usage            ;
+---------------------------------------------+------------------+
; Estimate of Logic utilization (ALMs needed) ; 5                ;
;                                             ;                  ;
; Combinational ALUT usage for logic          ; 9                ;
;     -- 7 input functions                    ; 0                ;
;     -- 6 input functions                    ; 0                ;
;     -- 5 input functions                    ; 6                ;
;     -- 4 input functions                    ; 2                ;
;     -- <=3 input functions                  ; 1                ;
;                                             ;                  ;
; Dedicated logic registers                   ; 0                ;
;                                             ;                  ;
; I/O pins                                    ; 43               ;
;                                             ;                  ;
; Total DSP Blocks                            ; 0                ;
;                                             ;                  ;
; Maximum fan-out node                        ; address[4]~input ;
; Maximum fan-out                             ; 9                ;
; Total fan-out                               ; 98               ;
; Average fan-out                             ; 1.03             ;
+---------------------------------------------+------------------+


+--------------------------------------------------------------------------------------------------------------------------------------------------------------+
; Analysis & Synthesis Resource Utilization by Entity                                                                                                          ;
+----------------------------+-------------------+--------------+-------------------+------------+------+--------------+------------------------+--------------+
; Compilation Hierarchy Node ; LC Combinationals ; LC Registers ; Block Memory Bits ; DSP Blocks ; Pins ; Virtual Pins ; Full Hierarchy Name    ; Library Name ;
+----------------------------+-------------------+--------------+-------------------+------------+------+--------------+------------------------+--------------+
; |simpleInstructionsRam     ; 9 (9)             ; 0 (0)        ; 0                 ; 0          ; 43   ; 0            ; |simpleInstructionsRam ; work         ;
+----------------------------+-------------------+--------------+-------------------+------------+------+--------------+------------------------+--------------+
Note: For table entries with two numbers listed, the numbers in parentheses indicate the number of resources of the given type used by the specific entity alone. The numbers listed outside of parentheses indicate the total resources of the given type used by the specific entity and all of its sub-entities in the hierarchy.


+----------------------------------------------------------------------------------+
; Registers Removed During Synthesis                                               ;
+-----------------------------------------+----------------------------------------+
; Register name                           ; Reason for Removal                     ;
+-----------------------------------------+----------------------------------------+
; instructionsRAM[0][31]                  ; Stuck at GND due to stuck port data_in ;
; instructionsRAM[0][30]                  ; Stuck at VCC due to stuck port data_in ;
; instructionsRAM[0][29]                  ; Stuck at VCC due to stuck port data_in ;
; instructionsRAM[0][28]                  ; Stuck at GND due to stuck port data_in ;
; instructionsRAM[0][27]                  ; Stuck at VCC due to stuck port data_in ;
; instructionsRAM[0][26]                  ; Stuck at GND due to stuck port data_in ;
; instructionsRAM[0][25]                  ; Stuck at GND due to stuck port data_in ;
; instructionsRAM[0][24]                  ; Stuck at GND due to stuck port data_in ;
; instructionsRAM[0][23]                  ; Stuck at VCC due to stuck port data_in ;
; instructionsRAM[0][22]                  ; Stuck at GND due to stuck port data_in ;
; instructionsRAM[0][21]                  ; Stuck at VCC due to stuck port data_in ;
; instructionsRAM[0][20]                  ; Stuck at GND due to stuck port data_in ;
; instructionsRAM[0][19]                  ; Stuck at GND due to stuck port data_in ;
; instructionsRAM[0][18]                  ; Stuck at GND due to stuck port data_in ;
; instructionsRAM[0][17]                  ; Stuck at GND due to stuck port data_in ;
; instructionsRAM[0][16]                  ; Stuck at GND due to stuck port data_in ;
; instructionsRAM[0][15]                  ; Stuck at GND due to stuck port data_in ;
; instructionsRAM[0][14]                  ; Stuck at GND due to stuck port data_in ;
; instructionsRAM[0][13]                  ; Stuck at GND due to stuck port data_in ;
; instructionsRAM[0][12]                  ; Stuck at GND due to stuck port data_in ;
; instructionsRAM[0][11]                  ; Stuck at GND due to stuck port data_in ;
; instructionsRAM[0][10]                  ; Stuck at GND due to stuck port data_in ;
; instructionsRAM[0][9]                   ; Stuck at VCC due to stuck port data_in ;
; instructionsRAM[0][8]                   ; Stuck at VCC due to stuck port data_in ;
; instructionsRAM[0][7]                   ; Stuck at GND due to stuck port data_in ;
; instructionsRAM[0][6]                   ; Stuck at VCC due to stuck port data_in ;
; instructionsRAM[0][5]                   ; Stuck at GND due to stuck port data_in ;
; instructionsRAM[0][4]                   ; Stuck at GND due to stuck port data_in ;
; instructionsRAM[0][3]                   ; Stuck at GND due to stuck port data_in ;
; instructionsRAM[0][2]                   ; Stuck at VCC due to stuck port data_in ;
; instructionsRAM[0][1]                   ; Stuck at GND due to stuck port data_in ;
; instructionsRAM[0][0]                   ; Stuck at GND due to stuck port data_in ;
; instructionsRAM[1][0]                   ; Stuck at VCC due to stuck port data_in ;
; instructionsRAM[1][1]                   ; Stuck at VCC due to stuck port data_in ;
; instructionsRAM[1][2]                   ; Stuck at VCC due to stuck port data_in ;
; instructionsRAM[1][3]                   ; Stuck at GND due to stuck port data_in ;
; instructionsRAM[1][4]                   ; Stuck at GND due to stuck port data_in ;
; instructionsRAM[1][5]                   ; Stuck at GND due to stuck port data_in ;
; instructionsRAM[1][6]                   ; Stuck at GND due to stuck port data_in ;
; instructionsRAM[1][7]                   ; Stuck at GND due to stuck port data_in ;
; instructionsRAM[1][8]                   ; Stuck at GND due to stuck port data_in ;
; instructionsRAM[1][9]                   ; Stuck at GND due to stuck port data_in ;
; instructionsRAM[1][10]                  ; Stuck at GND due to stuck port data_in ;
; instructionsRAM[1][11]                  ; Stuck at GND due to stuck port data_in ;
; instructionsRAM[1][12]                  ; Stuck at GND due to stuck port data_in ;
; instructionsRAM[1][13]                  ; Stuck at GND due to stuck port data_in ;
; instructionsRAM[1][14]                  ; Stuck at GND due to stuck port data_in ;
; instructionsRAM[1][15]                  ; Stuck at GND due to stuck port data_in ;
; instructionsRAM[1][16]                  ; Stuck at GND due to stuck port data_in ;
; instructionsRAM[1][17]                  ; Stuck at GND due to stuck port data_in ;
; instructionsRAM[1][18]                  ; Stuck at GND due to stuck port data_in ;
; instructionsRAM[1][19]                  ; Stuck at GND due to stuck port data_in ;
; instructionsRAM[1][20]                  ; Stuck at GND due to stuck port data_in ;
; instructionsRAM[1][21]                  ; Stuck at VCC due to stuck port data_in ;
; instructionsRAM[1][22]                  ; Stuck at GND due to stuck port data_in ;
; instructionsRAM[1][23]                  ; Stuck at VCC due to stuck port data_in ;
; instructionsRAM[1][24]                  ; Stuck at GND due to stuck port data_in ;
; instructionsRAM[1][25]                  ; Stuck at GND due to stuck port data_in ;
; instructionsRAM[1][26]                  ; Stuck at VCC due to stuck port data_in ;
; instructionsRAM[1][27]                  ; Stuck at GND due to stuck port data_in ;
; instructionsRAM[1][28]                  ; Stuck at GND due to stuck port data_in ;
; instructionsRAM[1][29]                  ; Stuck at VCC due to stuck port data_in ;
; instructionsRAM[1][30]                  ; Stuck at VCC due to stuck port data_in ;
; instructionsRAM[1][31]                  ; Stuck at GND due to stuck port data_in ;
; instructionsRAM[2][0]                   ; Stuck at VCC due to stuck port data_in ;
; instructionsRAM[2][1]                   ; Stuck at VCC due to stuck port data_in ;
; instructionsRAM[2][2]                   ; Stuck at VCC due to stuck port data_in ;
; instructionsRAM[2][3]                   ; Stuck at GND due to stuck port data_in ;
; instructionsRAM[2][4]                   ; Stuck at GND due to stuck port data_in ;
; instructionsRAM[2][5]                   ; Stuck at GND due to stuck port data_in ;
; instructionsRAM[2][6]                   ; Stuck at GND due to stuck port data_in ;
; instructionsRAM[2][7]                   ; Stuck at GND due to stuck port data_in ;
; instructionsRAM[2][8]                   ; Stuck at GND due to stuck port data_in ;
; instructionsRAM[2][9]                   ; Stuck at GND due to stuck port data_in ;
; instructionsRAM[2][10]                  ; Stuck at GND due to stuck port data_in ;
; instructionsRAM[2][11]                  ; Stuck at GND due to stuck port data_in ;
; instructionsRAM[2][12]                  ; Stuck at GND due to stuck port data_in ;
; instructionsRAM[2][13]                  ; Stuck at GND due to stuck port data_in ;
; instructionsRAM[2][14]                  ; Stuck at GND due to stuck port data_in ;
; instructionsRAM[2][15]                  ; Stuck at GND due to stuck port data_in ;
; instructionsRAM[2][16]                  ; Stuck at GND due to stuck port data_in ;
; instructionsRAM[2][17]                  ; Stuck at GND due to stuck port data_in ;
; instructionsRAM[2][18]                  ; Stuck at GND due to stuck port data_in ;
; instructionsRAM[2][19]                  ; Stuck at GND due to stuck port data_in ;
; instructionsRAM[2][20]                  ; Stuck at GND due to stuck port data_in ;
; instructionsRAM[2][21]                  ; Stuck at VCC due to stuck port data_in ;
; instructionsRAM[2][22]                  ; Stuck at VCC due to stuck port data_in ;
; instructionsRAM[2][23]                  ; Stuck at GND due to stuck port data_in ;
; instructionsRAM[2][24]                  ; Stuck at GND due to stuck port data_in ;
; instructionsRAM[2][25]                  ; Stuck at GND due to stuck port data_in ;
; instructionsRAM[2][26]                  ; Stuck at GND due to stuck port data_in ;
; instructionsRAM[2][27]                  ; Stuck at GND due to stuck port data_in ;
; instructionsRAM[2][28]                  ; Stuck at GND due to stuck port data_in ;
; instructionsRAM[2][29]                  ; Stuck at VCC due to stuck port data_in ;
; instructionsRAM[2][30]                  ; Stuck at VCC due to stuck port data_in ;
; instructionsRAM[2][31]                  ; Stuck at GND due to stuck port data_in ;
; instructionsRAM[3][0]                   ; Stuck at GND due to stuck port data_in ;
; instructionsRAM[3][1]                   ; Stuck at GND due to stuck port data_in ;
; instructionsRAM[3][2]                   ; Stuck at GND due to stuck port data_in ;
; instructionsRAM[3][3]                   ; Stuck at GND due to stuck port data_in ;
; instructionsRAM[3][4]                   ; Stuck at GND due to stuck port data_in ;
; instructionsRAM[3][5]                   ; Stuck at GND due to stuck port data_in ;
; instructionsRAM[3][6]                   ; Stuck at GND due to stuck port data_in ;
; instructionsRAM[3][7]                   ; Stuck at GND due to stuck port data_in ;
; instructionsRAM[3][8]                   ; Stuck at GND due to stuck port data_in ;
; instructionsRAM[3][9]                   ; Stuck at GND due to stuck port data_in ;
; instructionsRAM[3][10]                  ; Stuck at GND due to stuck port data_in ;
; instructionsRAM[3][11]                  ; Stuck at GND due to stuck port data_in ;
; instructionsRAM[3][12]                  ; Stuck at GND due to stuck port data_in ;
; instructionsRAM[3][13]                  ; Stuck at GND due to stuck port data_in ;
; instructionsRAM[3][14]                  ; Stuck at GND due to stuck port data_in ;
; instructionsRAM[3][15]                  ; Stuck at GND due to stuck port data_in ;
; instructionsRAM[3][16]                  ; Stuck at GND due to stuck port data_in ;
; instructionsRAM[3][17]                  ; Stuck at GND due to stuck port data_in ;
; instructionsRAM[3][18]                  ; Stuck at GND due to stuck port data_in ;
; instructionsRAM[3][19]                  ; Stuck at GND due to stuck port data_in ;
; instructionsRAM[3][20]                  ; Stuck at GND due to stuck port data_in ;
; instructionsRAM[3][21]                  ; Stuck at VCC due to stuck port data_in ;
; instructionsRAM[3][22]                  ; Stuck at VCC due to stuck port data_in ;
; instructionsRAM[3][23]                  ; Stuck at GND due to stuck port data_in ;
; instructionsRAM[3][24]                  ; Stuck at GND due to stuck port data_in ;
; instructionsRAM[3][25]                  ; Stuck at GND due to stuck port data_in ;
; instructionsRAM[3][26]                  ; Stuck at GND due to stuck port data_in ;
; instructionsRAM[3][27]                  ; Stuck at VCC due to stuck port data_in ;
; instructionsRAM[3][28]                  ; Stuck at VCC due to stuck port data_in ;
; instructionsRAM[3][29]                  ; Stuck at VCC due to stuck port data_in ;
; instructionsRAM[3][30]                  ; Stuck at VCC due to stuck port data_in ;
; instructionsRAM[3][31]                  ; Stuck at GND due to stuck port data_in ;
; Total Number of Removed Registers = 128 ;                                        ;
+-----------------------------------------+----------------------------------------+


+------------------------------------------------------+
; General Register Statistics                          ;
+----------------------------------------------+-------+
; Statistic                                    ; Value ;
+----------------------------------------------+-------+
; Total registers                              ; 0     ;
; Number of registers using Synchronous Clear  ; 0     ;
; Number of registers using Synchronous Load   ; 0     ;
; Number of registers using Asynchronous Clear ; 0     ;
; Number of registers using Asynchronous Load  ; 0     ;
; Number of registers using Clock Enable       ; 0     ;
; Number of registers using Preset             ; 0     ;
+----------------------------------------------+-------+


+-----------------------------------------------------+
; Post-Synthesis Netlist Statistics for Top Partition ;
+-----------------------+-----------------------------+
; Type                  ; Count                       ;
+-----------------------+-----------------------------+
; arriav_lcell_comb     ; 12                          ;
;     normal            ; 12                          ;
;         0 data inputs ; 1                           ;
;         1 data inputs ; 2                           ;
;         3 data inputs ; 1                           ;
;         4 data inputs ; 2                           ;
;         5 data inputs ; 6                           ;
; boundary_port         ; 43                          ;
;                       ;                             ;
; Max LUT depth         ; 2.00                        ;
; Average LUT depth     ; 1.47                        ;
+-----------------------+-----------------------------+


+-------------------------------+
; Elapsed Time Per Partition    ;
+----------------+--------------+
; Partition Name ; Elapsed Time ;
+----------------+--------------+
; Top            ; 00:00:00     ;
+----------------+--------------+


+-------------------------------+
; Analysis & Synthesis Messages ;
+-------------------------------+
Info: *******************************************************************
Info: Running Quartus Prime Analysis & Synthesis
    Info: Version 15.1.0 Build 185 10/21/2015 SJ Lite Edition
    Info: Processing started: Sat Jun 11 23:01:13 2016
Info: Command: quartus_map --read_settings_files=on --write_settings_files=off simpleInstructionsRam -c simpleInstructionsRam
Warning (20028): Parallel compilation is not licensed and has been disabled
Info (12021): Found 1 design units, including 1 entities, in source file simpleInstructionsRam.v
    Info (12023): Found entity 1: simpleInstructionsRam File: /home/davi/Dropbox/UNIFESP/Unifesp/Lab AOC/Atividades/Checagens 2 e 3/simpleInstructionsRAM/simpleInstructionsRam.v Line: 1
Info (12127): Elaborating entity "simpleInstructionsRam" for the top level hierarchy
Warning (10030): Net "instructionsRAM[20..4]" at simpleInstructionsRam.v(6) has no driver or initial value, using a default initial value '0' File: /home/davi/Dropbox/UNIFESP/Unifesp/Lab AOC/Atividades/Checagens 2 e 3/simpleInstructionsRAM/simpleInstructionsRam.v Line: 6
Warning (13024): Output pins are stuck at VCC or GND
    Warning (13410): Pin "iRAMOutput[3]" is stuck at GND File: /home/davi/Dropbox/UNIFESP/Unifesp/Lab AOC/Atividades/Checagens 2 e 3/simpleInstructionsRAM/simpleInstructionsRam.v Line: 4
    Warning (13410): Pin "iRAMOutput[4]" is stuck at GND File: /home/davi/Dropbox/UNIFESP/Unifesp/Lab AOC/Atividades/Checagens 2 e 3/simpleInstructionsRAM/simpleInstructionsRam.v Line: 4
    Warning (13410): Pin "iRAMOutput[5]" is stuck at GND File: /home/davi/Dropbox/UNIFESP/Unifesp/Lab AOC/Atividades/Checagens 2 e 3/simpleInstructionsRAM/simpleInstructionsRam.v Line: 4
    Warning (13410): Pin "iRAMOutput[7]" is stuck at GND File: /home/davi/Dropbox/UNIFESP/Unifesp/Lab AOC/Atividades/Checagens 2 e 3/simpleInstructionsRAM/simpleInstructionsRam.v Line: 4
    Warning (13410): Pin "iRAMOutput[10]" is stuck at GND File: /home/davi/Dropbox/UNIFESP/Unifesp/Lab AOC/Atividades/Checagens 2 e 3/simpleInstructionsRAM/simpleInstructionsRam.v Line: 4
    Warning (13410): Pin "iRAMOutput[11]" is stuck at GND File: /home/davi/Dropbox/UNIFESP/Unifesp/Lab AOC/Atividades/Checagens 2 e 3/simpleInstructionsRAM/simpleInstructionsRam.v Line: 4
    Warning (13410): Pin "iRAMOutput[12]" is stuck at GND File: /home/davi/Dropbox/UNIFESP/Unifesp/Lab AOC/Atividades/Checagens 2 e 3/simpleInstructionsRAM/simpleInstructionsRam.v Line: 4
    Warning (13410): Pin "iRAMOutput[13]" is stuck at GND File: /home/davi/Dropbox/UNIFESP/Unifesp/Lab AOC/Atividades/Checagens 2 e 3/simpleInstructionsRAM/simpleInstructionsRam.v Line: 4
    Warning (13410): Pin "iRAMOutput[14]" is stuck at GND File: /home/davi/Dropbox/UNIFESP/Unifesp/Lab AOC/Atividades/Checagens 2 e 3/simpleInstructionsRAM/simpleInstructionsRam.v Line: 4
    Warning (13410): Pin "iRAMOutput[15]" is stuck at GND File: /home/davi/Dropbox/UNIFESP/Unifesp/Lab AOC/Atividades/Checagens 2 e 3/simpleInstructionsRAM/simpleInstructionsRam.v Line: 4
    Warning (13410): Pin "iRAMOutput[16]" is stuck at GND File: /home/davi/Dropbox/UNIFESP/Unifesp/Lab AOC/Atividades/Checagens 2 e 3/simpleInstructionsRAM/simpleInstructionsRam.v Line: 4
    Warning (13410): Pin "iRAMOutput[17]" is stuck at GND File: /home/davi/Dropbox/UNIFESP/Unifesp/Lab AOC/Atividades/Checagens 2 e 3/simpleInstructionsRAM/simpleInstructionsRam.v Line: 4
    Warning (13410): Pin "iRAMOutput[18]" is stuck at GND File: /home/davi/Dropbox/UNIFESP/Unifesp/Lab AOC/Atividades/Checagens 2 e 3/simpleInstructionsRAM/simpleInstructionsRam.v Line: 4
    Warning (13410): Pin "iRAMOutput[19]" is stuck at GND File: /home/davi/Dropbox/UNIFESP/Unifesp/Lab AOC/Atividades/Checagens 2 e 3/simpleInstructionsRAM/simpleInstructionsRam.v Line: 4
    Warning (13410): Pin "iRAMOutput[20]" is stuck at GND File: /home/davi/Dropbox/UNIFESP/Unifesp/Lab AOC/Atividades/Checagens 2 e 3/simpleInstructionsRAM/simpleInstructionsRam.v Line: 4
    Warning (13410): Pin "iRAMOutput[24]" is stuck at GND File: /home/davi/Dropbox/UNIFESP/Unifesp/Lab AOC/Atividades/Checagens 2 e 3/simpleInstructionsRAM/simpleInstructionsRam.v Line: 4
    Warning (13410): Pin "iRAMOutput[25]" is stuck at GND File: /home/davi/Dropbox/UNIFESP/Unifesp/Lab AOC/Atividades/Checagens 2 e 3/simpleInstructionsRAM/simpleInstructionsRam.v Line: 4
    Warning (13410): Pin "iRAMOutput[31]" is stuck at GND File: /home/davi/Dropbox/UNIFESP/Unifesp/Lab AOC/Atividades/Checagens 2 e 3/simpleInstructionsRAM/simpleInstructionsRam.v Line: 4
Info (286030): Timing-Driven Synthesis is running
Info (16010): Generating hard_block partition "hard_block:auto_generated_inst"
    Info (16011): Adding 0 node(s), including 0 DDIO, 0 PLL, 0 transceiver and 0 LCELL
Warning (21074): Design contains 6 input pin(s) that do not drive logic
    Warning (15610): No output dependent on input pin "clock" File: /home/davi/Dropbox/UNIFESP/Unifesp/Lab AOC/Atividades/Checagens 2 e 3/simpleInstructionsRAM/simpleInstructionsRam.v Line: 3
    Warning (15610): No output dependent on input pin "address[5]" File: /home/davi/Dropbox/UNIFESP/Unifesp/Lab AOC/Atividades/Checagens 2 e 3/simpleInstructionsRAM/simpleInstructionsRam.v Line: 2
    Warning (15610): No output dependent on input pin "address[6]" File: /home/davi/Dropbox/UNIFESP/Unifesp/Lab AOC/Atividades/Checagens 2 e 3/simpleInstructionsRAM/simpleInstructionsRam.v Line: 2
    Warning (15610): No output dependent on input pin "address[7]" File: /home/davi/Dropbox/UNIFESP/Unifesp/Lab AOC/Atividades/Checagens 2 e 3/simpleInstructionsRAM/simpleInstructionsRam.v Line: 2
    Warning (15610): No output dependent on input pin "address[8]" File: /home/davi/Dropbox/UNIFESP/Unifesp/Lab AOC/Atividades/Checagens 2 e 3/simpleInstructionsRAM/simpleInstructionsRam.v Line: 2
    Warning (15610): No output dependent on input pin "address[9]" File: /home/davi/Dropbox/UNIFESP/Unifesp/Lab AOC/Atividades/Checagens 2 e 3/simpleInstructionsRAM/simpleInstructionsRam.v Line: 2
Info (21057): Implemented 52 device resources after synthesis - the final resource count might be different
    Info (21058): Implemented 11 input pins
    Info (21059): Implemented 32 output pins
    Info (21061): Implemented 9 logic cells
Info: Quartus Prime Analysis & Synthesis was successful. 0 errors, 28 warnings
    Info: Peak virtual memory: 1241 megabytes
    Info: Processing ended: Sat Jun 11 23:01:29 2016
    Info: Elapsed time: 00:00:16
    Info: Total CPU time (on all processors): 00:00:37


