Flow report for pc_filter
Sun Feb  4 14:55:26 2018
Quartus Prime Version 15.1.0 Build 185 10/21/2015 SJ Lite Edition


---------------------
; Table of Contents ;
---------------------
  1. Legal Notice
  2. Flow Summary
  3. Flow Settings
  4. Flow Non-Default Global Settings
  5. Flow Elapsed Time
  6. Flow OS Summary
  7. Flow Log
  8. Flow Messages
  9. Flow Suppressed Messages



----------------
; Legal Notice ;
----------------
Copyright (C) 1991-2015 Altera Corporation. All rights reserved.
Your use of Altera Corporation's design tools, logic functions 
and other software and tools, and its AMPP partner logic 
functions, and any output files from any of the foregoing 
(including device programming or simulation files), and any 
associated documentation or information are expressly subject 
to the terms and conditions of the Altera Program License 
Subscription Agreement, the Altera Quartus Prime License Agreement,
the Altera MegaCore Function License Agreement, or other 
applicable license agreement, including, without limitation, 
that your use is for the sole purpose of programming logic 
devices manufactured by Altera and sold by Altera or its 
authorized distributors.  Please refer to the applicable 
agreement for further details.



+-------------------------------------------------------------------------------+
; Flow Summary                                                                  ;
+---------------------------------+---------------------------------------------+
; Flow Status                     ; Successful - Sun Feb  4 14:55:26 2018       ;
; Quartus Prime Version           ; 15.1.0 Build 185 10/21/2015 SJ Lite Edition ;
; Revision Name                   ; pc_filter                                   ;
; Top-level Entity Name           ; pc_filter                                   ;
; Family                          ; Cyclone V                                   ;
; Device                          ; 5CGXFC7C7F23C8                              ;
; Timing Models                   ; Final                                       ;
; Logic utilization (in ALMs)     ; 14 / 56,480 ( < 1 % )                       ;
; Total registers                 ; 0                                           ;
; Total pins                      ; 30 / 268 ( 11 % )                           ;
; Total virtual pins              ; 0                                           ;
; Total block memory bits         ; 0 / 7,024,640 ( 0 % )                       ;
; Total DSP Blocks                ; 0 / 156 ( 0 % )                             ;
; Total HSSI RX PCSs              ; 0 / 6 ( 0 % )                               ;
; Total HSSI PMA RX Deserializers ; 0 / 6 ( 0 % )                               ;
; Total HSSI TX PCSs              ; 0 / 6 ( 0 % )                               ;
; Total HSSI PMA TX Serializers   ; 0 / 6 ( 0 % )                               ;
; Total PLLs                      ; 0 / 13 ( 0 % )                              ;
; Total DLLs                      ; 0 / 4 ( 0 % )                               ;
+---------------------------------+---------------------------------------------+


+-----------------------------------------+
; Flow Settings                           ;
+-------------------+---------------------+
; Option            ; Setting             ;
+-------------------+---------------------+
; Start date & time ; 02/04/2018 14:53:08 ;
; Main task         ; Compilation         ;
; Revision Name     ; pc_filter           ;
+-------------------+---------------------+


+-------------------------------------------------------------------------------------------------------------+
; Flow Non-Default Global Settings                                                                            ;
+-------------------------------------+------------------------+---------------+-------------+----------------+
; Assignment Name                     ; Value                  ; Default Value ; Entity Name ; Section Id     ;
+-------------------------------------+------------------------+---------------+-------------+----------------+
; COMPILER_SIGNATURE_ID               ; 0.151776318727912      ; --            ; --          ; --             ;
; EDA_OUTPUT_DATA_FORMAT              ; Vhdl                   ; --            ; --          ; eda_simulation ;
; EDA_SIMULATION_TOOL                 ; ModelSim-Altera (VHDL) ; <None>        ; --          ; --             ;
; MAX_CORE_JUNCTION_TEMP              ; 85                     ; --            ; --          ; --             ;
; MIN_CORE_JUNCTION_TEMP              ; 0                      ; --            ; --          ; --             ;
; PARTITION_COLOR                     ; 16764057               ; --            ; --          ; Top            ;
; PARTITION_FITTER_PRESERVATION_LEVEL ; PLACEMENT_AND_ROUTING  ; --            ; --          ; Top            ;
; PARTITION_NETLIST_TYPE              ; SOURCE                 ; --            ; --          ; Top            ;
; PROJECT_OUTPUT_DIRECTORY            ; output_files           ; --            ; --          ; --             ;
+-------------------------------------+------------------------+---------------+-------------+----------------+


+-------------------------------------------------------------------------------------------------------------------------------+
; Flow Elapsed Time                                                                                                             ;
+---------------------------+--------------+-------------------------+---------------------+------------------------------------+
; Module Name               ; Elapsed Time ; Average Processors Used ; Peak Virtual Memory ; Total CPU Time (on all processors) ;
+---------------------------+--------------+-------------------------+---------------------+------------------------------------+
; Analysis & Synthesis      ; 00:00:15     ; 1.0                     ; 1290 MB             ; 00:00:37                           ;
; Fitter                    ; 00:00:44     ; 1.0                     ; 2356 MB             ; 00:00:55                           ;
; Assembler                 ; 00:00:12     ; 1.0                     ; 1245 MB             ; 00:00:11                           ;
; TimeQuest Timing Analyzer ; 00:00:06     ; 1.0                     ; 1466 MB             ; 00:00:06                           ;
; EDA Netlist Writer        ; 00:00:01     ; 1.0                     ; 1441 MB             ; 00:00:01                           ;
; EDA Netlist Writer        ; 00:00:01     ; 1.0                     ; 1423 MB             ; 00:00:01                           ;
; EDA Netlist Writer        ; 00:00:01     ; 1.0                     ; 1429 MB             ; 00:00:01                           ;
; Total                     ; 00:01:20     ; --                      ; --                  ; 00:01:52                           ;
+---------------------------+--------------+-------------------------+---------------------+------------------------------------+


+------------------------------------------------------------------------------------------------+
; Flow OS Summary                                                                                ;
+---------------------------+-----------------------+-------------+-------------+----------------+
; Module Name               ; Machine Hostname      ; OS Name     ; OS Version  ; Processor type ;
+---------------------------+-----------------------+-------------+-------------+----------------+
; Analysis & Synthesis      ; localhost.localdomain ; Fedora Core ; Fedora Core ; x86_64         ;
; Fitter                    ; localhost.localdomain ; Fedora Core ; Fedora Core ; x86_64         ;
; Assembler                 ; localhost.localdomain ; Fedora Core ; Fedora Core ; x86_64         ;
; TimeQuest Timing Analyzer ; localhost.localdomain ; Fedora Core ; Fedora Core ; x86_64         ;
; EDA Netlist Writer        ; localhost.localdomain ; Fedora Core ; Fedora Core ; x86_64         ;
; EDA Netlist Writer        ; localhost.localdomain ; Fedora Core ; Fedora Core ; x86_64         ;
; EDA Netlist Writer        ; localhost.localdomain ; Fedora Core ; Fedora Core ; x86_64         ;
+---------------------------+-----------------------+-------------+-------------+----------------+


------------
; Flow Log ;
------------
quartus_map --read_settings_files=on --write_settings_files=off pc_filter -c pc_filter
quartus_fit --read_settings_files=off --write_settings_files=off pc_filter -c pc_filter
quartus_asm --read_settings_files=off --write_settings_files=off pc_filter -c pc_filter
quartus_sta pc_filter -c pc_filter
quartus_eda --read_settings_files=off --write_settings_files=off pc_filter -c pc_filter
quartus_eda --gen_testbench --tool=modelsim_oem --format=verilog --write_settings_files=off pc_filter -c pc_filter --vector_source=/home/morales/Documentos/Git/processor-galetron/Galetron/pc_filter/Waveform.vwf --testbench_file=/home/morales/Documentos/Git/processor-galetron/Galetron/pc_filter/simulation/qsim/Waveform.vwf.vt
quartus_eda --write_settings_files=off --functional=on --flatten_buses=off --simulation=on --tool=modelsim_oem --format=verilog --output_directory=/home/morales/Documentos/Git/processor-galetron/Galetron/pc_filter/simulation/qsim/ pc_filter -c pc_filter



